2025-04-28 09:51:46,543 INFO: 开始处理数据...
2025-04-28 09:51:46,543 INFO: 文件初始化完成
2025-04-28 09:51:46,543 INFO: 开始读取数据表...
2025-04-28 09:52:41,542 INFO: 数据表读取完成
2025-04-28 09:52:41,567 INFO: 筛选后的数据条数: 30147
2025-04-28 09:52:41,567 INFO: 开始降档判断处理...
2025-04-28 09:52:41,567 INFO: 降档判断处理 - 输入数据量: 30147
2025-04-28 09:52:41,610 INFO: 降档列初始化完成 - 非降档记录数: 30147
2025-04-28 09:52:41,614 INFO: 无需降档判断的记录数: 0
2025-04-28 09:52:41,753 INFO: 降档报表筛选后记录数: 560784
2025-04-28 09:52:42,120 INFO: 降档记录数: 458
2025-04-28 09:52:42,122 INFO: 非降档记录数: 29689
2025-04-28 09:52:42,170 INFO: 降档判断处理完成 - 输出数据量: 30147
2025-04-28 09:52:42,200 INFO: 降档判断处理完成
2025-04-28 09:52:42,200 INFO: 开始渠道档案判断处理...
2025-04-28 09:52:42,200 INFO: 渠道档案判断处理 - 输入数据量: 30147
2025-04-28 09:52:42,320 INFO: 渠道档案判断处理完成 - 输出数据量: 30147
2025-04-28 09:52:42,325 INFO: 渠道档案判断处理完成
2025-04-28 09:52:42,325 INFO: 开始结算状态...
2025-04-28 09:52:42,380 INFO: 结算状态完成
2025-04-28 09:52:42,381 INFO: 开始判重处理...
2025-04-28 09:52:50,770 INFO: 判重处理完成
2025-04-28 09:52:50,770 INFO: 开始金额处理...
2025-04-28 09:52:51,167 INFO: 金额处理完成
2025-04-28 09:52:51,168 INFO: 开始保存处理结果...
2025-04-28 09:54:26,627 INFO: 处理结果保存完成
2025-04-28 09:54:26,627 INFO: 所有处理完成
2025-04-28 10:25:46,571 INFO: 开始处理数据...
2025-04-28 10:25:46,571 INFO: 文件初始化完成
2025-04-28 10:25:46,571 INFO: 开始读取数据表...
2025-04-28 10:27:04,637 INFO: 数据表读取完成
2025-04-28 10:27:04,670 INFO: 筛选后的数据条数: 30182
2025-04-28 10:27:04,671 INFO: 开始降档判断处理...
2025-04-28 10:27:04,671 INFO: 降档判断处理 - 输入数据量: 30182
2025-04-28 10:27:04,724 INFO: 降档列初始化完成 - 非降档记录数: 30182
2025-04-28 10:27:04,728 INFO: 无需降档判断的记录数: 0
2025-04-28 10:27:04,849 INFO: 降档报表筛选后记录数: 560784
2025-04-28 10:27:05,165 INFO: 降档记录数: 463
2025-04-28 10:27:05,167 INFO: 非降档记录数: 29719
2025-04-28 10:27:05,205 INFO: 降档判断处理完成 - 输出数据量: 30182
2025-04-28 10:27:05,230 INFO: 降档判断处理完成
2025-04-28 10:27:05,231 INFO: 开始渠道档案判断处理...
2025-04-28 10:27:05,231 INFO: 渠道档案判断处理 - 输入数据量: 30182
2025-04-28 10:27:05,346 INFO: 渠道档案判断处理完成 - 输出数据量: 30182
2025-04-28 10:27:05,349 INFO: 渠道档案判断处理完成
2025-04-28 10:27:05,350 INFO: 开始结算状态...
2025-04-28 10:27:05,398 INFO: 结算状态完成
2025-04-28 10:27:05,399 INFO: 开始判重处理...
2025-04-28 10:27:14,398 INFO: 判重处理完成
2025-04-28 10:27:14,398 INFO: 开始金额处理...
2025-04-28 10:27:14,880 INFO: 金额处理完成
2025-04-28 10:27:14,880 INFO: 开始保存处理结果...
2025-04-28 10:28:54,513 INFO: 处理结果保存完成
2025-04-28 10:28:54,513 INFO: 所有处理完成
2025-04-28 10:53:59,539 INFO: 开始处理数据...
2025-04-28 10:53:59,539 INFO: 文件初始化完成
2025-04-28 10:53:59,539 INFO: 开始读取数据表...
2025-04-28 10:54:53,135 INFO: 数据表读取完成
2025-04-28 10:54:53,153 INFO: 筛选后的数据条数: 30182
2025-04-28 10:54:53,153 INFO: 开始判重处理...
2025-04-28 10:54:53,271 INFO: 判重指令列输出: ['用户号码' '营销案']
2025-04-28 10:55:00,785 ERROR: 处理过程中出现错误: '结算状态'
Traceback (most recent call last):
  File "C:\Users\85291\AppData\Local\Programs\Python\Python312\Lib\site-packages\pandas\core\indexes\base.py", line 3805, in get_loc
    return self._engine.get_loc(casted_key)
           ^^^^^^^^^^^^^^^^^^^^^^^^^^^^^^^^
  File "index.pyx", line 167, in pandas._libs.index.IndexEngine.get_loc
  File "index.pyx", line 196, in pandas._libs.index.IndexEngine.get_loc
  File "pandas\\_libs\\hashtable_class_helper.pxi", line 7081, in pandas._libs.hashtable.PyObjectHashTable.get_item
  File "pandas\\_libs\\hashtable_class_helper.pxi", line 7089, in pandas._libs.hashtable.PyObjectHashTable.get_item
KeyError: '结算状态'

The above exception was the direct cause of the following exception:

Traceback (most recent call last):
  File "c:\project\python_project\AI+市场工具&稽核\AI+市场工具&稽核第一期需求\code\制表过程.py", line 377, in <module>
    df_待调剂明细数据 = 判重处理(df_待调剂明细数据, df_待调剂数据)
                        ^^^^^^^^^^^^^^^^^^^^^^^^^^^^^^^^^^^^^^^^^^
  File "c:\project\python_project\AI+市场工具&稽核\AI+市场工具&稽核第一期需求\code\制表过程.py", line 253, in 判重处理
    if df_待调剂明细数据.loc[idx, '结算状态'] == '结算':
       ~~~~~~~~~~~~~~~~~~~~~^^^^^^^^^^^^^^^^^
  File "C:\Users\85291\AppData\Local\Programs\Python\Python312\Lib\site-packages\pandas\core\indexing.py", line 1183, in __getitem__
    return self.obj._get_value(*key, takeable=self._takeable)
           ^^^^^^^^^^^^^^^^^^^^^^^^^^^^^^^^^^^^^^^^^^^^^^^^^^
  File "C:\Users\85291\AppData\Local\Programs\Python\Python312\Lib\site-packages\pandas\core\frame.py", line 4214, in _get_value
    series = self._get_item_cache(col)
             ^^^^^^^^^^^^^^^^^^^^^^^^^
  File "C:\Users\85291\AppData\Local\Programs\Python\Python312\Lib\site-packages\pandas\core\frame.py", line 4638, in _get_item_cache
    loc = self.columns.get_loc(item)
          ^^^^^^^^^^^^^^^^^^^^^^^^^^
  File "C:\Users\85291\AppData\Local\Programs\Python\Python312\Lib\site-packages\pandas\core\indexes\base.py", line 3812, in get_loc
    raise KeyError(key) from err
KeyError: '结算状态'
2025-04-28 11:23:15,878 INFO: 开始处理数据...
2025-04-28 11:23:15,879 INFO: 文件初始化完成
2025-04-28 11:23:15,879 INFO: 开始读取数据表...
2025-04-28 11:23:16,328 INFO: 开始处理数据...
2025-04-28 11:23:16,329 INFO: 文件初始化完成
2025-04-28 11:23:16,329 INFO: 开始读取数据表...
2025-04-28 11:24:08,976 INFO: 数据表读取完成
2025-04-28 11:24:08,992 INFO: 筛选后的数据条数: 30182
2025-04-28 11:24:08,992 INFO: 开始降档判断处理...
2025-04-28 11:24:08,992 INFO: 降档判断处理 - 输入数据量: 30182
2025-04-28 11:24:09,032 INFO: 数据表读取完成
2025-04-28 11:24:09,032 INFO: 降档列初始化完成 - 非降档记录数: 30182
2025-04-28 11:24:09,036 INFO: 无需降档判断的记录数: 0
2025-04-28 11:24:09,050 INFO: 筛选后的数据条数: 30182
2025-04-28 11:24:09,050 INFO: 开始降档判断处理...
2025-04-28 11:24:09,050 INFO: 降档判断处理 - 输入数据量: 30182
2025-04-28 11:24:09,102 INFO: 降档列初始化完成 - 非降档记录数: 30182
2025-04-28 11:24:09,108 INFO: 无需降档判断的记录数: 0
2025-04-28 11:24:09,160 INFO: 降档报表筛选后记录数: 560784
2025-04-28 11:24:09,236 INFO: 降档报表筛选后记录数: 560784
2025-04-28 11:24:09,553 INFO: 降档记录数: 463
2025-04-28 11:24:09,559 INFO: 非降档记录数: 29719
2025-04-28 11:24:09,596 INFO: 降档记录数: 463
2025-04-28 11:24:09,598 INFO: 非降档记录数: 29719
2025-04-28 11:24:09,607 INFO: 降档判断处理完成 - 输出数据量: 30182
2025-04-28 11:24:09,611 INFO: 降档判断处理完成
2025-04-28 11:24:09,611 INFO: 开始渠道档案判断处理...
2025-04-28 11:24:09,611 INFO: 渠道档案判断处理 - 输入数据量: 30182
2025-04-28 11:24:09,645 INFO: 降档判断处理完成 - 输出数据量: 30182
2025-04-28 11:24:09,648 INFO: 降档判断处理完成
2025-04-28 11:24:09,648 INFO: 开始渠道档案判断处理...
2025-04-28 11:24:09,648 INFO: 渠道档案判断处理 - 输入数据量: 30182
2025-04-28 11:24:09,774 INFO: 渠道档案判断处理完成 - 输出数据量: 30182
2025-04-28 11:24:09,779 INFO: 渠道档案判断处理完成
2025-04-28 11:24:09,779 INFO: 开始结算状态...
2025-04-28 11:24:09,781 INFO: 渠道档案判断处理完成 - 输出数据量: 30182
2025-04-28 11:24:09,785 INFO: 渠道档案判断处理完成
2025-04-28 11:24:09,785 INFO: 开始结算状态...
2025-04-28 11:24:09,834 INFO: 结算状态完成
2025-04-28 11:24:09,835 INFO: 开始判重处理...
2025-04-28 11:24:09,838 INFO: 结算状态完成
2025-04-28 11:24:09,838 INFO: 开始判重处理...
2025-04-28 11:26:30,999 INFO: 开始处理数据...
2025-04-28 11:26:30,999 INFO: 文件初始化完成
2025-04-28 11:26:30,999 INFO: 开始读取数据表...
2025-04-28 11:27:34,329 INFO: 数据表读取完成
2025-04-28 11:27:34,349 INFO: 筛选后的数据条数: 30182
2025-04-28 11:27:34,349 INFO: 开始降档判断处理...
2025-04-28 11:27:34,349 INFO: 降档判断处理 - 输入数据量: 30182
2025-04-28 11:27:34,387 INFO: 降档列初始化完成 - 非降档记录数: 30182
2025-04-28 11:27:34,391 INFO: 无需降档判断的记录数: 0
2025-04-28 11:27:34,521 INFO: 降档报表筛选后记录数: 560784
2025-04-28 11:27:34,880 INFO: 降档记录数: 463
2025-04-28 11:27:34,881 INFO: 非降档记录数: 29719
2025-04-28 11:27:34,927 INFO: 降档判断处理完成 - 输出数据量: 30182
2025-04-28 11:27:34,966 INFO: 降档判断处理完成
2025-04-28 11:27:34,966 INFO: 开始渠道档案判断处理...
2025-04-28 11:27:34,966 INFO: 渠道档案判断处理 - 输入数据量: 30182
2025-04-28 11:27:35,159 INFO: 渠道档案判断处理完成 - 输出数据量: 30182
2025-04-28 11:27:35,168 INFO: 渠道档案判断处理完成
2025-04-28 11:27:35,168 INFO: 开始结算状态...
2025-04-28 11:27:35,254 INFO: 结算状态完成
2025-04-28 11:27:35,255 INFO: 开始判重处理...
2025-04-28 11:27:35,359 INFO: 开始处理判重指令: 用户号码, 记录数: 29262
2025-04-28 11:27:45,740 INFO: 开始处理判重指令: 订购流水, 记录数: 0
2025-04-28 11:27:45,741 INFO: 开始处理判重指令: 账号ID, 记录数: 0
2025-04-28 11:27:45,743 INFO: 开始处理判重指令: 营销案, 记录数: 920
2025-04-28 11:27:46,107 INFO: 判重处理完成
2025-04-28 11:27:46,107 INFO: 开始金额处理...
2025-04-28 11:27:46,496 INFO: 金额处理完成
2025-04-28 11:27:46,496 INFO: 开始保存处理结果...
2025-04-28 11:29:43,185 INFO: 处理结果保存完成
2025-04-28 11:29:43,185 INFO: 所有处理完成
2025-04-28 17:11:54,003 INFO: 开始处理数据...
2025-04-28 17:11:54,004 INFO: 文件初始化完成
2025-04-28 17:11:54,004 INFO: 开始读取数据表...
2025-04-28 17:12:39,709 INFO: 数据表读取完成
2025-04-28 17:12:39,732 INFO: 筛选后的数据条数: 30182
2025-04-28 17:12:39,733 INFO: 开始降档判断处理...
2025-04-28 17:12:39,733 INFO: 降档判断处理 - 输入数据量: 30182
2025-04-28 17:12:39,761 INFO: 降档列初始化完成 - 非降档记录数: 30182
2025-04-28 17:12:39,764 INFO: 无需降档判断的记录数: 0
2025-04-28 17:12:39,868 INFO: 降档报表筛选后记录数: 560784
2025-04-28 17:12:40,197 INFO: 降档记录数: 463
2025-04-28 17:12:40,200 INFO: 非降档记录数: 29719
2025-04-28 17:12:40,251 INFO: 降档判断处理完成 - 输出数据量: 30182
2025-04-28 17:12:40,278 INFO: 降档判断处理完成
2025-04-28 17:12:40,279 INFO: 开始渠道档案判断处理...
2025-04-28 17:12:40,279 INFO: 渠道档案判断处理 - 输入数据量: 30182
2025-04-28 17:12:40,400 INFO: 渠道档案判断处理完成 - 输出数据量: 30182
2025-04-28 17:12:40,405 INFO: 渠道档案判断处理完成
2025-04-28 17:12:40,405 INFO: 开始结算状态...
2025-04-28 17:12:40,469 INFO: 结算状态完成
2025-04-28 17:12:40,469 INFO: 开始判重处理...
2025-04-28 17:12:40,549 INFO: 开始处理判重指令: 用户号码, 记录数: 29262
2025-04-28 17:12:47,853 INFO: 开始处理判重指令: 订购流水, 记录数: 0
2025-04-28 17:12:47,854 INFO: 开始处理判重指令: 账号ID, 记录数: 0
2025-04-28 17:12:47,855 INFO: 开始处理判重指令: 营销案, 记录数: 920
2025-04-28 17:12:48,163 INFO: 判重处理完成
2025-04-28 17:12:48,163 INFO: 开始金额处理...
2025-04-28 17:12:48,518 INFO: 金额处理完成
2025-04-28 17:12:48,518 INFO: 开始保存处理结果...
2025-04-28 17:14:16,006 INFO: 处理结果保存完成
2025-04-28 17:14:16,007 INFO: 所有处理完成
