2025-05-09 10:22:12,789 INFO: 开始处理数据...
2025-05-09 10:22:12,790 INFO: 文件初始化完成
2025-05-09 10:22:12,790 INFO: 开始读取数据表...
2025-05-09 10:22:56,669 INFO: 数据表读取完成
2025-05-09 10:22:56,689 INFO: 筛选后的数据条数: 30147
2025-05-09 10:22:56,689 INFO: 开始降档判断处理...
2025-05-09 10:22:56,689 INFO: 降档判断处理 - 输入数据量: 30147
2025-05-09 10:22:56,722 INFO: 降档列初始化完成 - 非降档记录数: 30147
2025-05-09 10:22:56,725 INFO: 无需降档判断的记录数: 0
2025-05-09 10:22:56,831 INFO: 降档报表筛选后记录数: 560784
2025-05-09 10:22:57,132 INFO: 降档记录数: 458
2025-05-09 10:22:57,134 INFO: 非降档记录数: 29689
2025-05-09 10:22:57,172 INFO: 降档判断处理完成 - 输出数据量: 30147
2025-05-09 10:22:57,200 INFO: 降档判断处理完成
2025-05-09 10:22:57,200 INFO: 开始渠道档案判断处理...
2025-05-09 10:22:57,200 INFO: 渠道档案判断处理 - 输入数据量: 30147
2025-05-09 10:22:57,335 INFO: 渠道档案判断处理完成 - 输出数据量: 30147
2025-05-09 10:22:57,340 INFO: 渠道档案判断处理完成
2025-05-09 10:22:57,340 INFO: 开始结算状态...
2025-05-09 10:22:57,412 INFO: 结算状态完成
2025-05-09 10:22:57,412 INFO: 开始判重处理...
2025-05-09 10:22:57,488 INFO: 开始处理判重指令: 用户号码, 记录数: 30147
2025-05-09 10:23:05,250 INFO: 开始处理判重指令: 订购流水, 记录数: 0
2025-05-09 10:23:05,251 INFO: 开始处理判重指令: 账号ID, 记录数: 0
2025-05-09 10:23:05,252 INFO: 开始处理判重指令: 营销案, 记录数: 0
2025-05-09 10:23:05,257 INFO: 判重处理完成
2025-05-09 10:23:05,257 INFO: 开始金额处理...
2025-05-09 10:23:05,626 INFO: 金额处理完成
2025-05-09 10:23:05,627 INFO: 开始保存处理结果...
2025-05-09 10:24:38,878 INFO: 处理结果保存完成
2025-05-09 10:24:38,878 INFO: 所有处理完成
2025-05-09 10:45:38,725 INFO: 开始处理数据...
2025-05-09 10:45:38,726 INFO: 文件初始化完成
2025-05-09 10:45:38,726 INFO: 开始读取数据表...
2025-05-09 10:46:20,483 INFO: 数据表读取完成
2025-05-09 10:46:20,504 INFO: 筛选后的数据条数: 30147
2025-05-09 10:46:20,504 INFO: 开始降档判断处理...
2025-05-09 10:46:20,504 INFO: 降档判断处理 - 输入数据量: 30147
2025-05-09 10:46:20,542 INFO: 降档列初始化完成 - 非降档记录数: 30147
2025-05-09 10:46:20,545 INFO: 无需降档判断的记录数: 0
2025-05-09 10:46:20,665 INFO: 降档报表筛选后记录数: 560784
2025-05-09 10:46:21,022 INFO: 降档记录数: 458
2025-05-09 10:46:21,024 INFO: 非降档记录数: 29689
2025-05-09 10:46:21,061 INFO: 降档判断处理完成 - 输出数据量: 30147
2025-05-09 10:46:21,088 INFO: 降档判断处理完成
2025-05-09 10:46:21,088 INFO: 开始渠道档案判断处理...
2025-05-09 10:46:21,088 INFO: 渠道档案判断处理 - 输入数据量: 30147
2025-05-09 10:46:21,103 ERROR: 处理过程中出现错误: (slice(None, None, None), '发展月结算范围')
Traceback (most recent call last):
  File "C:\Users\85291\AppData\Local\Programs\Python\Python312\Lib\site-packages\pandas\core\indexes\base.py", line 3805, in get_loc
    return self._engine.get_loc(casted_key)
           ^^^^^^^^^^^^^^^^^^^^^^^^^^^^^^^^
  File "index.pyx", line 167, in pandas._libs.index.IndexEngine.get_loc
  File "index.pyx", line 196, in pandas._libs.index.IndexEngine.get_loc
  File "pandas\\_libs\\hashtable_class_helper.pxi", line 7081, in pandas._libs.hashtable.PyObjectHashTable.get_item
  File "pandas\\_libs\\hashtable_class_helper.pxi", line 7089, in pandas._libs.hashtable.PyObjectHashTable.get_item
KeyError: (slice(None, None, None), '发展月结算范围')

During handling of the above exception, another exception occurred:

Traceback (most recent call last):
  File "c:\project\python_project\AI+市场工具&稽核\AI+市场工具&稽核第一期需求\code\制表过程.py", line 380, in <module>
    df_待调剂明细数据 = 渠道档案判断处理(df_待调剂明细数据, df_渠道档案报表)
                        ^^^^^^^^^^^^^^^^^^^^^^^^^^^^^^^^^^^^^^^^^^^^^^^^^^^^
  File "c:\project\python_project\AI+市场工具&稽核\AI+市场工具&稽核第一期需求\code\制表过程.py", line 135, in 渠道档案判断处理
    df_渠道档案报表[:,'发展月结算范围'] = pd.to_datetime(
    ~~~~~~~~~~~~~~~^^^^^^^^^^^^^^^^^^^^
  File "C:\Users\85291\AppData\Local\Programs\Python\Python312\Lib\site-packages\pandas\core\frame.py", line 4311, in __setitem__
    self._set_item(key, value)
  File "C:\Users\85291\AppData\Local\Programs\Python\Python312\Lib\site-packages\pandas\core\frame.py", line 4538, in _set_item
    self._set_item_mgr(key, value, refs)
  File "C:\Users\85291\AppData\Local\Programs\Python\Python312\Lib\site-packages\pandas\core\frame.py", line 4485, in _set_item_mgr
    loc = self._info_axis.get_loc(key)
          ^^^^^^^^^^^^^^^^^^^^^^^^^^^^
  File "C:\Users\85291\AppData\Local\Programs\Python\Python312\Lib\site-packages\pandas\core\indexes\base.py", line 3811, in get_loc
    raise InvalidIndexError(key)
pandas.errors.InvalidIndexError: (slice(None, None, None), '发展月结算范围')
2025-05-09 10:47:31,813 INFO: 开始处理数据...
2025-05-09 10:47:31,813 INFO: 文件初始化完成
2025-05-09 10:47:31,813 INFO: 开始读取数据表...
2025-05-09 10:48:13,414 INFO: 数据表读取完成
2025-05-09 10:48:13,433 INFO: 筛选后的数据条数: 30147
2025-05-09 10:48:13,433 INFO: 开始降档判断处理...
2025-05-09 10:48:13,433 INFO: 降档判断处理 - 输入数据量: 30147
2025-05-09 10:48:13,459 INFO: 降档列初始化完成 - 非降档记录数: 30147
2025-05-09 10:48:13,461 INFO: 无需降档判断的记录数: 0
2025-05-09 10:48:13,578 INFO: 降档报表筛选后记录数: 560784
2025-05-09 10:48:13,890 INFO: 降档记录数: 458
2025-05-09 10:48:13,894 INFO: 非降档记录数: 29689
2025-05-09 10:48:13,929 INFO: 降档判断处理完成 - 输出数据量: 30147
2025-05-09 10:48:13,950 INFO: 降档判断处理完成
2025-05-09 10:48:13,951 INFO: 开始渠道档案判断处理...
2025-05-09 10:48:13,951 INFO: 渠道档案判断处理 - 输入数据量: 30147
2025-05-09 10:48:14,132 INFO: 渠道档案判断处理完成 - 输出数据量: 30147
2025-05-09 10:48:14,136 INFO: 渠道档案判断处理完成
2025-05-09 10:48:14,137 INFO: 开始结算状态...
2025-05-09 10:48:14,186 INFO: 结算状态完成
2025-05-09 10:48:14,187 INFO: 开始判重处理...
2025-05-09 10:48:14,254 INFO: 开始处理判重指令: 用户号码, 记录数: 30147
2025-05-09 10:48:21,799 INFO: 开始处理判重指令: 订购流水, 记录数: 0
2025-05-09 10:48:21,802 INFO: 开始处理判重指令: 账号ID, 记录数: 0
2025-05-09 10:48:21,802 INFO: 开始处理判重指令: 营销案, 记录数: 0
2025-05-09 10:48:21,806 INFO: 判重处理完成
2025-05-09 10:48:21,806 INFO: 开始金额处理...
2025-05-09 10:48:22,161 INFO: 金额处理完成
2025-05-09 10:48:22,161 INFO: 开始保存处理结果...
2025-05-09 10:49:53,642 INFO: 处理结果保存完成
2025-05-09 10:49:53,642 INFO: 所有处理完成
